[2020-02-11T01:12:00.056Z] [info] [START] Loading Controllers 
[2020-02-11T01:12:00.058Z] [info] [START] Loading Express 
[2020-02-11T01:12:00.074Z] [info] [START] Loading SocketIO 
[2020-02-11T01:12:00.104Z] [info] [START] Socket listening on port 8885 
[2020-02-11T01:12:00.105Z] [info] [START] Loading Swagger 
[2020-02-11T01:12:00.112Z] [info] [START] Loading Monitor 
[2020-02-11T01:12:00.119Z] [info] [START] Loading Root JSON 
[2020-02-11T01:12:00.120Z] [info] [START] Loading Public Dir 
[2020-02-11T01:12:00.120Z] [info] [START] Server is running! 
[2020-02-11T01:12:00.122Z] [info] [START] Server Listening 8884 
[2020-02-11T01:12:19.721Z] [info] [START] Loading Controllers 
[2020-02-11T01:12:19.722Z] [info] [START] Loading Express 
[2020-02-11T01:12:19.735Z] [info] [START] Loading SocketIO 
[2020-02-11T01:12:19.763Z] [info] [START] Socket listening on port 5000 
[2020-02-11T01:12:19.763Z] [info] [START] Loading Swagger 
[2020-02-11T01:12:19.768Z] [info] [START] Loading Monitor 
[2020-02-11T01:12:19.771Z] [info] [START] Loading Root JSON 
[2020-02-11T01:12:19.772Z] [info] [START] Loading Public Dir 
[2020-02-11T01:12:19.773Z] [info] [START] Server is running! 
[2020-02-11T01:12:19.774Z] [info] [START] Server Listening 5000 
[2020-02-11T01:13:23.937Z] [info] [START] Loading Controllers 
[2020-02-11T01:13:23.939Z] [info] [START] Loading Express 
[2020-02-11T01:13:23.953Z] [info] [START] Loading SocketIO 
[2020-02-11T01:13:23.982Z] [info] [START] Socket listening on port 50001 
[2020-02-11T01:13:23.982Z] [info] [START] Loading Swagger 
[2020-02-11T01:13:23.989Z] [info] [START] Loading Monitor 
[2020-02-11T01:13:23.993Z] [info] [START] Loading Root JSON 
[2020-02-11T01:13:23.993Z] [info] [START] Loading Public Dir 
[2020-02-11T01:13:23.993Z] [info] [START] Server is running! 
[2020-02-11T01:13:23.994Z] [info] [START] Server Listening 5000 
[2020-02-11T01:14:58.926Z] [info] [START] Loading Controllers 
[2020-02-11T01:14:58.927Z] [info] [START] Loading Express 
[2020-02-11T01:14:58.942Z] [info] [START] Loading Swagger 
[2020-02-11T01:14:58.947Z] [info] [START] Loading Monitor 
[2020-02-11T01:14:58.950Z] [info] [START] Loading Root JSON 
[2020-02-11T01:14:58.950Z] [info] [START] Loading Public Dir 
[2020-02-11T01:14:58.951Z] [info] [START] Server is running! 
[2020-02-11T01:14:58.951Z] [info] [START] Server Listening 5000 
[2020-02-11T01:15:59.301Z] [debug] [EXPRESS] GET /api 
[2020-02-11T01:15:59.465Z] [debug] [EXPRESS] GET /favicon.ico 
[2020-02-11T01:16:00.888Z] [debug] [EXPRESS] GET /api 
[2020-02-11T01:16:33.860Z] [info] [START] Loading Controllers 
[2020-02-11T01:16:33.861Z] [info] [START] Loading Express 
[2020-02-11T01:16:33.874Z] [info] [START] Loading Swagger 
[2020-02-11T01:16:33.879Z] [info] [START] Loading Monitor 
[2020-02-11T01:16:33.881Z] [info] [START] Loading Root JSON 
[2020-02-11T01:16:33.881Z] [info] [START] Loading Public Dir 
[2020-02-11T01:16:33.882Z] [info] [START] Server is running! 
[2020-02-11T01:16:33.883Z] [info] [START] Server Listening 5000 
[2020-02-11T01:16:35.950Z] [debug] [EXPRESS] GET /api 
[2020-02-11T01:16:48.044Z] [debug] [EXPRESS] GET /api 
[2020-02-11T01:16:48.576Z] [debug] [EXPRESS] GET /api 
[2020-02-11T01:16:48.704Z] [debug] [EXPRESS] GET /api 
[2020-02-11T01:16:48.822Z] [debug] [EXPRESS] GET /api 
[2020-02-11T01:16:48.949Z] [debug] [EXPRESS] GET /api 
[2020-02-11T01:16:57.621Z] [info] [START] Loading Controllers 
[2020-02-11T01:16:57.622Z] [info] [START] Loading Express 
[2020-02-11T01:16:57.636Z] [info] [START] Loading Swagger 
[2020-02-11T01:16:57.641Z] [info] [START] Loading Monitor 
[2020-02-11T01:16:57.644Z] [info] [START] Loading Root JSON 
[2020-02-11T01:16:57.645Z] [info] [START] Loading Public Dir 
[2020-02-11T01:16:57.645Z] [info] [START] Server is running! 
[2020-02-11T01:16:57.646Z] [info] [START] Server Listening 5000 
[2020-02-11T01:17:39.314Z] [debug] [EXPRESS] GET /api 
